# JRE version: Java(TM) SE Runtime Environment (17.0.8+9) (build 17.0.8+9-LTS-211)
# Java VM: Java HotSpot(TM) 64-Bit Server VM (17.0.8+9-LTS-211, mixed mode, sharing, tiered, compressed oops, compressed class ptrs, g1 gc, windows-amd64)
GC Precious Log:
 CPUs: 4 total, 4 available
 Memory: 7975M
 Large Page Support: Disabled
 NUMA Support: Disabled
 Compressed Oops: Enabled (32-bit)
 Heap Region Size: 1M
 Heap Min Capacity: 8M
 Heap Initial Capacity: 126M
 Heap Max Capacity: 1994M
 Pre-touch: Disabled
 Parallel Workers: 4
 Concurrent Workers: 1
 Concurrent Refinement Workers: 4
 Periodic GC: Disabled
Heap:
 garbage-first heap   total 55296K, used 26780K [0x0000000083600000, 0x0000000100000000)
  region size 1024K, 14 young (14336K), 1 survivors (1024K)
 Metaspace       used 27497K, committed 27776K, reserved 1114112K
  class space    used 3388K, committed 3520K, reserved 1048576K
GC Heap History (12 events):
Event: 0.683 GC heap before
{Heap before GC invocations=0 (full 0):
 garbage-first heap   total 129024K, used 12288K [0x0000000083600000, 0x0000000100000000)
  region size 1024K, 13 young (13312K), 0 survivors (0K)
 Metaspace       used 4662K, committed 4800K, reserved 1114112K
  class space    used 502K, committed 576K, reserved 1048576K
}
Event: 0.687 GC heap after
{Heap after GC invocations=1 (full 0):
 garbage-first heap   total 129024K, used 6379K [0x0000000083600000, 0x0000000100000000)
  region size 1024K, 2 young (2048K), 2 survivors (2048K)
 Metaspace       used 4662K, committed 4800K, reserved 1114112K
  class space    used 502K, committed 576K, reserved 1048576K
}
Event: 1.013 GC heap before
{Heap before GC invocations=1 (full 0):
 garbage-first heap   total 129024K, used 17643K [0x0000000083600000, 0x0000000100000000)
  region size 1024K, 13 young (13312K), 2 survivors (2048K)
 Metaspace       used 7205K, committed 7424K, reserved 1114112K
  class space    used 822K, committed 960K, reserved 1048576K
}
Event: 1.017 GC heap after
{Heap after GC invocations=2 (full 0):
 garbage-first heap   total 129024K, used 7488K [0x0000000083600000, 0x0000000100000000)
  region size 1024K, 2 young (2048K), 2 survivors (2048K)
 Metaspace       used 7205K, committed 7424K, reserved 1114112K
  class space    used 822K, committed 960K, reserved 1048576K
}
Event: 1.994 GC heap before
{Heap before GC invocations=2 (full 0):
 garbage-first heap   total 129024K, used 30016K [0x0000000083600000, 0x0000000100000000)
  region size 1024K, 24 young (24576K), 2 survivors (2048K)
 Metaspace       used 15880K, committed 16192K, reserved 1114112K
  class space    used 1846K, committed 1984K, reserved 1048576K
}
Event: 2.002 GC heap after
{Heap after GC invocations=3 (full 0):
 garbage-first heap   total 129024K, used 11454K [0x0000000083600000, 0x0000000100000000)
  region size 1024K, 3 young (3072K), 3 survivors (3072K)
 Metaspace       used 15880K, committed 16192K, reserved 1114112K
  class space    used 1846K, committed 1984K, reserved 1048576K
}
Event: 4.581 GC heap before
{Heap before GC invocations=3 (full 0):
 garbage-first heap   total 129024K, used 29886K [0x0000000083600000, 0x0000000100000000)
  region size 1024K, 22 young (22528K), 3 survivors (3072K)
 Metaspace       used 21165K, committed 21504K, reserved 1114112K
  class space    used 2605K, committed 2752K, reserved 1048576K
}
Event: 4.587 GC heap after
{Heap after GC invocations=4 (full 0):
 garbage-first heap   total 129024K, used 12987K [0x0000000083600000, 0x0000000100000000)
  region size 1024K, 5 young (5120K), 5 survivors (5120K)
 Metaspace       used 21165K, committed 21504K, reserved 1114112K
  class space    used 2605K, committed 2752K, reserved 1048576K
}
Event: 21.613 GC heap before
{Heap before GC invocations=5 (full 0):
 garbage-first heap   total 55296K, used 40635K [0x0000000083600000, 0x0000000100000000)
  region size 1024K, 32 young (32768K), 5 survivors (5120K)
 Metaspace       used 27344K, committed 27648K, reserved 1114112K
  class space    used 3370K, committed 3520K, reserved 1048576K
}
Event: 21.634 GC heap after
{Heap after GC invocations=6 (full 0):
 garbage-first heap   total 55296K, used 14208K [0x0000000083600000, 0x0000000100000000)
  region size 1024K, 3 young (3072K), 3 survivors (3072K)
 Metaspace       used 27344K, committed 27648K, reserved 1114112K
  class space    used 3370K, committed 3520K, reserved 1048576K
}
Event: 21.657 GC heap before
{Heap before GC invocations=6 (full 0):
 garbage-first heap   total 55296K, used 14208K [0x0000000083600000, 0x0000000100000000)
  region size 1024K, 4 young (4096K), 3 survivors (3072K)
 Metaspace       used 27489K, committed 27776K, reserved 1114112K
  class space    used 3388K, committed 3520K, reserved 1048576K
}
Event: 21.663 GC heap after
{Heap after GC invocations=7 (full 0):
 garbage-first heap   total 55296K, used 14313K [0x0000000083600000, 0x0000000100000000)
  region size 1024K, 1 young (1024K), 1 survivors (1024K)
 Metaspace       used 27489K, committed 27776K, reserved 1114112K
  class space    used 3388K, committed 3520K, reserved 1048576K
}

