<?xml version="1.0" encoding="UTF-8"?>
<!-- Generated by org.testng.reporters.JUnitXMLReporter -->
<testsuite ignored="13" hostname="Shubham" failures="0" tests="1" name="Default test" time="36.185" errors="0" timestamp="2024-10-17T19:18:41 IST">
  <testcase classname="TestCases._4_PorfileSettingPageTestCase" name="verifyURLTest" time="1.673"/>
  <testcase classname="TestCases._4_PorfileSettingPageTestCase" name="verfiytradeStockLinkTest" time="0.0">
    <ignored/>
  </testcase> <!-- verfiytradeStockLinkTest -->
  <testcase classname="TestCases._4_PorfileSettingPageTestCase" name="verifypasswordLableTest" time="0.0">
    <ignored/>
  </testcase> <!-- verifypasswordLableTest -->
  <testcase classname="TestCases._4_PorfileSettingPageTestCase" name="verifyAccountInformationLabelTest" time="0.0">
    <ignored/>
  </testcase> <!-- verifyAccountInformationLabelTest -->
  <testcase classname="TestCases._4_PorfileSettingPageTestCase" name="verifyTitleTest" time="0.0">
    <ignored/>
  </testcase> <!-- verifyTitleTest -->
  <testcase classname="TestCases._4_PorfileSettingPageTestCase" name="verifyusernameLableTest" time="0.0">
    <ignored/>
  </testcase> <!-- verifyusernameLableTest -->
  <testcase classname="TestCases._4_PorfileSettingPageTestCase" name="verfiygotoPortfolioLinkTest" time="0.0">
    <ignored/>
  </testcase> <!-- verfiygotoPortfolioLinkTest -->
  <testcase classname="TestCases._4_PorfileSettingPageTestCase" name="verfiyresearchTheMarketLinkTest" time="0.0">
    <ignored/>
  </testcase> <!-- verfiyresearchTheMarketLinkTest -->
  <testcase classname="TestCases._4_PorfileSettingPageTestCase" name="verfiytradeConfirmationEmailsToggleTest" time="0.0">
    <ignored/>
  </testcase> <!-- verfiytradeConfirmationEmailsToggleTest -->
  <testcase classname="TestCases._4_PorfileSettingPageTestCase" name="verifyupdatePasswordButtonTest" time="0.0">
    <ignored/>
  </testcase> <!-- verifyupdatePasswordButtonTest -->
  <testcase classname="TestCases._4_PorfileSettingPageTestCase" name="verifyemailSettingLableTest" time="0.0">
    <ignored/>
  </testcase> <!-- verifyemailSettingLableTest -->
  <testcase classname="TestCases._4_PorfileSettingPageTestCase" name="verifyUserGotoBackProfileTest" time="0.0">
    <ignored/>
  </testcase> <!-- verifyUserGotoBackProfileTest -->
  <testcase classname="TestCases._4_PorfileSettingPageTestCase" name="verifyemailaddressLableTest" time="0.0">
    <ignored/>
  </testcase> <!-- verifyemailaddressLableTest -->
  <testcase classname="TestCases._4_PorfileSettingPageTestCase" name="verifyjoindateLableTest" time="0.0">
    <ignored/>
  </testcase> <!-- verifyjoindateLableTest -->
</testsuite> <!-- Default test -->
